Arguments: 
  E:\Program Files\nodejs\node.exe E:\Program Files (x86)\Yarn\bin\yarn.js add parcel-bundle

PATH: 
  C:\ProgramData\Oracle\Java\javapath;C:\Windows\system32;C:\Windows;C:\Windows\System32\Wbem;C:\Windows\System32\WindowsPowerShell\v1.0\;C:\Program Files\Java\jdk1.8.0_131\bin;C:\Program Files\Java\jdk-11.0.6\bin;C:\Program Files\MongoDB\Server\4.1\bin;E:\Program Files\mysql-5.7.25-winx64\bin;E:\Program Files\python-3.7.2;E:\Program Files (x86)\Yarn\bin\;E:\Program Files\PuTTY\;D:\Program Files\TortoiseSVN\bin;C:\Program Files (x86)\NVIDIA Corporation\PhysX\Common;C:\Program Files\NVIDIA Corporation\NVIDIA NvDLISR;E:\npm\node_global;e:\Program Files\Git\cmd;E:\Program Files\Microsoft VS Code Insiders\bin;E:\Program Files\Microsoft VS Code\bin;C:\Users\Administrator\AppData\Local\Programs\EmEditor;E:\Program Files (x86)\WebStorm 183.4588.47\bin;C:\Users\Administrator\AppData\Local\Yarn\bin;E:\Program Files (x86)\Fiddler;C:\Users\Administrator\AppData\Local\GitHubDesktop\bin;E:\nvm;E:\Program Files\nodejs

Yarn version: 
  1.15.2

Node version: 
  10.16.3

Platform: 
  win32 x64

Trace: 
  Error: connect ETIMEDOUT 104.16.19.35:443
      at TCPConnectWrap.afterConnect [as oncomplete] (net.js:1106:14)

npm manifest: 
  {
    "name": "snabbdom",
    "version": "1.0.0",
    "description": "",
    "main": "index.js",
    "scripts": {
      "test": "echo \"Error: no test specified\" && exit 1"
    },
    "keywords": [],
    "author": "",
    "license": "ISC",
    "dependencies": {
      "snabbdom": "^1.0.1"
    }
  }

yarn manifest: 
  No manifest

Lockfile: 
  # THIS IS AN AUTOGENERATED FILE. DO NOT EDIT THIS FILE DIRECTLY.
  # yarn lockfile v1
  
  
  snabbdom@^1.0.1:
    version "1.0.1"
    resolved "https://registry.npm.taobao.org/snabbdom/download/snabbdom-1.0.1.tgz#56de29b7499e6a9ee05e024ce3fc75d71761c08a"
    integrity sha1-Vt4pt0meap7gXgJM4/x11xdhwIo=
